Added Component: Designator=BOOT1(CON3)
Added Component: Designator=C1(SM-0805)
Added Component: Designator=C2(SM-0805)
Added Component: Designator=C3(SM-0805)
Added Component: Designator=C4(SM-0805)
Added Component: Designator=C5(SM-0805)
Added Component: Designator=C6(SM-0805)
Added Component: Designator=C7(SM-0805)
Added Component: Designator=C8(SM-0805)
Added Component: Designator=C9(SM-0805)
Added Component: Designator=C10(SM-0805)
Added Component: Designator=C11(SM-0805)
Added Component: Designator=C12(SM-0805)
Added Component: Designator=IC1(STM32F103C8T6)
Added Component: Designator=IC2(SOP8)
Added Component: Designator=IC3(SOT223-4N)
Added Component: Designator=J1(jp4)
Added Component: Designator=J2(JP2)
Added Component: Designator=JP1(CON2)
Added Component: Designator=LCD1(LCD0802)
Added Component: Designator=LED1(led5mm_yellow)
Added Component: Designator=led2(0805)
Added Component: Designator=MODU_TB1(MODU_Tb4056)
Added Component: Designator=module1(3v to 5v)
Added Component: Designator=Q1(SOT23B)
Added Component: Designator=R1(RES_0805)
Added Component: Designator=R2(RES_0805)
Added Component: Designator=R3(RES_0805)
Added Component: Designator=R4(RES_0805)
Added Component: Designator=R5(RES_0805)
Added Component: Designator=R6(RES_0805)
Added Component: Designator=R7(RES_0805)
Added Component: Designator=R8(RES_0805)
Added Component: Designator=R9(RES_0805)
Added Component: Designator=R10(RES_0805)
Added Component: Designator=R11(RES_0805)
Added Component: Designator=SW1(SW4)
Added Component: Designator=SW2(SW4)
Added Component: Designator=SW3(SW4)
Added Component: Designator=SW4(SW4)
Added Component: Designator=SW5(SW4)
Added Component: Designator=SW6(SW4)
Added Component: Designator=SW7(SW4)
Added Component: Designator=SW8(SW4)
Added Component: Designator=SW9(SW2)
Added Component: Designator=X1(XT2)
Added Pin To Net: NetName=3.3 Pin=BOOT1-1
Added Pin To Net: NetName=3.3 Pin=C1-2
Added Pin To Net: NetName=3.3 Pin=C2-2
Added Pin To Net: NetName=3.3 Pin=C3-2
Added Pin To Net: NetName=3.3 Pin=C4-1
Added Pin To Net: NetName=3.3 Pin=C6-2
Added Pin To Net: NetName=3.3 Pin=C11-2
Added Pin To Net: NetName=3.3 Pin=C12-2
Added Pin To Net: NetName=3.3 Pin=IC1-9
Added Pin To Net: NetName=3.3 Pin=IC1-24
Added Pin To Net: NetName=3.3 Pin=IC1-36
Added Pin To Net: NetName=3.3 Pin=IC1-48
Added Pin To Net: NetName=3.3 Pin=IC2-8
Added Pin To Net: NetName=3.3 Pin=IC3-2
Added Pin To Net: NetName=3.3 Pin=IC3-4
Added Pin To Net: NetName=3.3 Pin=R2-1
Added Pin To Net: NetName=3.3 Pin=R6-1
Added Pin To Net: NetName=3.3 Pin=R8-2
Added Pin To Net: NetName=3.3 Pin=R9-2
Added Net: Name=3.3
Added Pin To Net: NetName=5V Pin=C5-2
Added Pin To Net: NetName=5V Pin=C10-2
Added Pin To Net: NetName=5V Pin=IC3-3
Added Pin To Net: NetName=5V Pin=J1-4
Added Pin To Net: NetName=5V Pin=LCD1-2
Added Pin To Net: NetName=5V Pin=LCD1-15
Added Pin To Net: NetName=5V Pin=module1-3
Added Pin To Net: NetName=5V Pin=R3-1
Added Pin To Net: NetName=5V Pin=R5-2
Added Pin To Net: NetName=5V Pin=R11-2
Added Net: Name=5V
Added Pin To Net: NetName=BOOT0 Pin=BOOT1-2
Added Pin To Net: NetName=BOOT0 Pin=R1-1
Added Net: Name=BOOT0
Added Pin To Net: NetName=BOOT1 Pin=IC1-20
Added Pin To Net: NetName=BOOT1 Pin=R10-1
Added Net: Name=BOOT1
Added Pin To Net: NetName=BUTT_1 Pin=IC1-15
Added Pin To Net: NetName=BUTT_1 Pin=SW1-2
Added Pin To Net: NetName=BUTT_1 Pin=SW1-4
Added Net: Name=BUTT_1
Added Pin To Net: NetName=BUTT_2 Pin=IC1-14
Added Pin To Net: NetName=BUTT_2 Pin=SW3-2
Added Pin To Net: NetName=BUTT_2 Pin=SW3-4
Added Net: Name=BUTT_2
Added Pin To Net: NetName=BUTT_3 Pin=IC1-13
Added Pin To Net: NetName=BUTT_3 Pin=SW5-2
Added Pin To Net: NetName=BUTT_3 Pin=SW5-4
Added Net: Name=BUTT_3
Added Pin To Net: NetName=BUTT_4 Pin=IC1-12
Added Pin To Net: NetName=BUTT_4 Pin=SW7-2
Added Pin To Net: NetName=BUTT_4 Pin=SW7-4
Added Net: Name=BUTT_4
Added Pin To Net: NetName=BUTT_5 Pin=IC1-11
Added Pin To Net: NetName=BUTT_5 Pin=SW2-2
Added Pin To Net: NetName=BUTT_5 Pin=SW2-4
Added Net: Name=BUTT_5
Added Pin To Net: NetName=CL Pin=IC1-22
Added Pin To Net: NetName=CL Pin=IC2-6
Added Pin To Net: NetName=CL Pin=R9-1
Added Net: Name=CL
Added Pin To Net: NetName=D4 Pin=IC1-38
Added Pin To Net: NetName=D4 Pin=LCD1-11
Added Net: Name=D4
Added Pin To Net: NetName=D5 Pin=IC1-39
Added Pin To Net: NetName=D5 Pin=LCD1-12
Added Net: Name=D5
Added Pin To Net: NetName=D6 Pin=IC1-40
Added Pin To Net: NetName=D6 Pin=LCD1-13
Added Net: Name=D6
Added Pin To Net: NetName=D7 Pin=IC1-41
Added Pin To Net: NetName=D7 Pin=LCD1-14
Added Net: Name=D7
Added Pin To Net: NetName=DA Pin=IC1-21
Added Pin To Net: NetName=DA Pin=IC2-5
Added Pin To Net: NetName=DA Pin=R8-1
Added Net: Name=DA
Added Pin To Net: NetName=EN Pin=IC1-34
Added Pin To Net: NetName=EN Pin=LCD1-6
Added Net: Name=EN
Added Pin To Net: NetName=GND Pin=BOOT1-3
Added Pin To Net: NetName=GND Pin=C1-1
Added Pin To Net: NetName=GND Pin=C2-1
Added Pin To Net: NetName=GND Pin=C3-1
Added Pin To Net: NetName=GND Pin=C4-2
Added Pin To Net: NetName=GND Pin=C5-1
Added Pin To Net: NetName=GND Pin=C6-1
Added Pin To Net: NetName=GND Pin=C7-1
Added Pin To Net: NetName=GND Pin=C8-1
Added Pin To Net: NetName=GND Pin=C9-1
Added Pin To Net: NetName=GND Pin=C10-1
Added Pin To Net: NetName=GND Pin=C11-1
Added Pin To Net: NetName=GND Pin=C12-1
Added Pin To Net: NetName=GND Pin=IC1-8
Added Pin To Net: NetName=GND Pin=IC1-23
Added Pin To Net: NetName=GND Pin=IC1-35
Added Pin To Net: NetName=GND Pin=IC1-47
Added Pin To Net: NetName=GND Pin=IC2-1
Added Pin To Net: NetName=GND Pin=IC2-2
Added Pin To Net: NetName=GND Pin=IC2-3
Added Pin To Net: NetName=GND Pin=IC2-4
Added Pin To Net: NetName=GND Pin=IC2-7
Added Pin To Net: NetName=GND Pin=IC3-1
Added Pin To Net: NetName=GND Pin=J1-3
Added Pin To Net: NetName=GND Pin=LCD1-1
Added Pin To Net: NetName=GND Pin=LCD1-16
Added Pin To Net: NetName=GND Pin=led2-2
Added Pin To Net: NetName=GND Pin=module1-4
Added Pin To Net: NetName=GND Pin=Q1-1
Added Pin To Net: NetName=GND Pin=R4-2
Added Pin To Net: NetName=GND Pin=R10-2
Added Pin To Net: NetName=GND Pin=SW1-1
Added Pin To Net: NetName=GND Pin=SW1-3
Added Pin To Net: NetName=GND Pin=SW2-1
Added Pin To Net: NetName=GND Pin=SW2-3
Added Pin To Net: NetName=GND Pin=SW3-1
Added Pin To Net: NetName=GND Pin=SW3-3
Added Pin To Net: NetName=GND Pin=SW4-1
Added Pin To Net: NetName=GND Pin=SW4-3
Added Pin To Net: NetName=GND Pin=SW5-1
Added Pin To Net: NetName=GND Pin=SW5-3
Added Pin To Net: NetName=GND Pin=SW6-1
Added Pin To Net: NetName=GND Pin=SW6-3
Added Pin To Net: NetName=GND Pin=SW7-1
Added Pin To Net: NetName=GND Pin=SW7-3
Added Pin To Net: NetName=GND Pin=SW8-1
Added Pin To Net: NetName=GND Pin=SW8-3
Added Pin To Net: NetName=GND Pin=SW9-1
Added Net: Name=GND
Added Pin To Net: NetName=IR Pin=IC1-27
Added Pin To Net: NetName=IR Pin=SW8-2
Added Pin To Net: NetName=IR Pin=SW8-4
Added Net: Name=IR
Added Pin To Net: NetName=MODE_1 Pin=IC1-25
Added Pin To Net: NetName=MODE_1 Pin=SW4-2
Added Pin To Net: NetName=MODE_1 Pin=SW4-4
Added Net: Name=MODE_1
Added Pin To Net: NetName=MODE_2 Pin=IC1-26
Added Pin To Net: NetName=MODE_2 Pin=SW6-2
Added Pin To Net: NetName=MODE_2 Pin=SW6-4
Added Net: Name=MODE_2
Added Pin To Net: NetName=NetIC1_1 Pin=IC1-1
Added Pin To Net: NetName=NetIC1_1 Pin=R2-2
Added Net: Name=NetIC1_1
Added Pin To Net: NetName=NetIC1_44 Pin=IC1-44
Added Pin To Net: NetName=NetIC1_44 Pin=R1-2
Added Net: Name=NetIC1_44
Added Pin To Net: NetName=NetJ2_1 Pin=J2-1
Added Pin To Net: NetName=NetJ2_1 Pin=MODU_TB1-6
Added Net: Name=NetJ2_1
Added Pin To Net: NetName=NetJ2_2 Pin=J2-2
Added Pin To Net: NetName=NetJ2_2 Pin=module1-2
Added Net: Name=NetJ2_2
Added Pin To Net: NetName=NetJP1_1 Pin=JP1-1
Added Pin To Net: NetName=NetJP1_1 Pin=MODU_TB1-5
Added Net: Name=NetJP1_1
Added Pin To Net: NetName=NetJP1_2 Pin=JP1-2
Added Pin To Net: NetName=NetJP1_2 Pin=MODU_TB1-4
Added Net: Name=NetJP1_2
Added Pin To Net: NetName=NetLCD1_3 Pin=LCD1-3
Added Pin To Net: NetName=NetLCD1_3 Pin=R3-2
Added Pin To Net: NetName=NetLCD1_3 Pin=R4-1
Added Net: Name=NetLCD1_3
Added Pin To Net: NetName=NetLED1_1 Pin=LED1-1
Added Pin To Net: NetName=NetLED1_1 Pin=R5-1
Added Net: Name=NetLED1_1
Added Pin To Net: NetName=NetLED1_2 Pin=LED1-2
Added Pin To Net: NetName=NetLED1_2 Pin=Q1-2
Added Net: Name=NetLED1_2
Added Pin To Net: NetName=Netled2_1 Pin=led2-1
Added Pin To Net: NetName=Netled2_1 Pin=R11-1
Added Net: Name=Netled2_1
Added Pin To Net: NetName=NetMODU_TB1_3 Pin=MODU_TB1-3
Added Pin To Net: NetName=NetMODU_TB1_3 Pin=module1-1
Added Net: Name=NetMODU_TB1_3
Added Pin To Net: NetName=NetQ1_3 Pin=Q1-3
Added Pin To Net: NetName=NetQ1_3 Pin=R7-1
Added Net: Name=NetQ1_3
Added Pin To Net: NetName=NRST Pin=C7-2
Added Pin To Net: NetName=NRST Pin=IC1-7
Added Pin To Net: NetName=NRST Pin=R6-2
Added Pin To Net: NetName=NRST Pin=SW9-2
Added Net: Name=NRST
Added Pin To Net: NetName=OSC_IN Pin=C8-2
Added Pin To Net: NetName=OSC_IN Pin=IC1-5
Added Pin To Net: NetName=OSC_IN Pin=X1-2
Added Net: Name=OSC_IN
Added Pin To Net: NetName=OSC_OUT Pin=C9-2
Added Pin To Net: NetName=OSC_OUT Pin=IC1-6
Added Pin To Net: NetName=OSC_OUT Pin=X1-1
Added Net: Name=OSC_OUT
Added Pin To Net: NetName=OUT_IR Pin=IC1-16
Added Pin To Net: NetName=OUT_IR Pin=R7-2
Added Net: Name=OUT_IR
Added Pin To Net: NetName=RS Pin=IC1-32
Added Pin To Net: NetName=RS Pin=LCD1-4
Added Net: Name=RS
Added Pin To Net: NetName=RW Pin=IC1-33
Added Pin To Net: NetName=RW Pin=LCD1-5
Added Net: Name=RW
Added Pin To Net: NetName=RX Pin=IC1-30
Added Pin To Net: NetName=RX Pin=J1-1
Added Net: Name=RX
Added Pin To Net: NetName=TX Pin=IC1-31
Added Pin To Net: NetName=TX Pin=J1-2
Added Net: Name=TX
Added Class: Name=Sheet_REMOTE CONTROL IR
