Change Component Designator: Old Designator=C5 New Designator=C7
Change Component Designator: Old Designator=C6 New Designator=C8
Change Component Designator: Old Designator=C7 New Designator=C9
Change Component Designator: Old Designator=C8 New Designator=C10
Change Component Designator: Old Designator=C10 New Designator=C6
Change Component Designator: Old Designator=C? New Designator=C5
Change Component Designator: Old Designator=IC3 New Designator=IC2
Change Component Designator: Old Designator=J? New Designator=J2
Change Component Designator: Old Designator=JP? New Designator=JP1
Change Component Designator: Old Designator=led1 New Designator=led2
Change Component Designator: Old Designator=LED? New Designator=LED1
Change Component Designator: Old Designator=MODU_TB4056 New Designator=MODU_TB1
Change Component Designator: Old Designator=Q? New Designator=Q1
Change Component Designator: Old Designator=R4 New Designator=R6
Change Component Designator: Old Designator=R5 New Designator=R4
Change Component Designator: Old Designator=R6 New Designator=R10
Change Component Designator: Old Designator=R9 New Designator=R8
Change Component Designator: Old Designator=R10 New Designator=R9
Change Component Designator: Old Designator=R14 New Designator=R11
Change Component Designator: Old Designator=R? New Designator=R5
Change Component Designator: Old Designator=R? New Designator=R7
